Build started 27/05/2022 2:04:41 CH.
     1>Project "C:\Users\adm\Documents\GameSDLDemo\GameSDLDemo\GameSDLDemo.vcxproj" on node 2 (Build target(s)).
     1>ClCompile:
         C:\Program Files (x86)\Microsoft Visual Studio 11.0\VC\bin\CL.exe /c /ZI /nologo /W3 /WX- /sdl /Od /Oy- /D WIN32 /D _DEBUG /D _CONSOLE /D _UNICODE /D UNICODE /Gm /EHsc /RTC1 /MDd /GS /fp:precise /Zc:wchar_t /Zc:forScope /Fo"Debug\\" /Fd"Debug\vc110.pdb" /Gd /TP /analyze- /errorReport:prompt BaseObject.cpp BulletObject.cpp Common_Function.cpp ExplosionObject.cpp MainObject.cpp PlayerPower.cpp TextObject.cpp ThreatsObject.cpp main.cpp
         BaseObject.cpp
         Generating Code...
         Compiling...
         main.cpp
     1>c:\users\adm\documents\gamesdldemo\gamesdldemo\main.cpp(149): warning C4244: 'argument' : conversion from 'double' to 'const int', possible loss of data
     1>c:\users\adm\documents\gamesdldemo\gamesdldemo\main.cpp(202): warning C4018: '<' : signed/unsigned mismatch
     1>c:\users\adm\documents\gamesdldemo\gamesdldemo\main.cpp(221): warning C4244: 'initializing' : conversion from 'double' to 'int', possible loss of data
     1>c:\users\adm\documents\gamesdldemo\gamesdldemo\main.cpp(222): warning C4244: 'initializing' : conversion from 'double' to 'int', possible loss of data
     1>c:\users\adm\documents\gamesdldemo\gamesdldemo\main.cpp(282): warning C4244: 'initializing' : conversion from 'double' to 'int', possible loss of data
     1>c:\users\adm\documents\gamesdldemo\gamesdldemo\main.cpp(283): warning C4244: 'initializing' : conversion from 'double' to 'int', possible loss of data
     1>c:\users\adm\documents\gamesdldemo\gamesdldemo\main.cpp(303): warning C4244: 'initializing' : conversion from 'double' to 'int', possible loss of data
     1>c:\users\adm\documents\gamesdldemo\gamesdldemo\main.cpp(304): warning C4244: 'initializing' : conversion from 'double' to 'int', possible loss of data
     1>c:\users\adm\documents\gamesdldemo\gamesdldemo\main.cpp(347): warning C4018: '<' : signed/unsigned mismatch
     1>c:\users\adm\documents\gamesdldemo\gamesdldemo\main.cpp(369): warning C4244: 'initializing' : conversion from 'double' to 'int', possible loss of data
     1>c:\users\adm\documents\gamesdldemo\gamesdldemo\main.cpp(370): warning C4244: 'initializing' : conversion from 'double' to 'int', possible loss of data
     1>c:\users\adm\documents\gamesdldemo\gamesdldemo\main.cpp(419): warning C4018: '<' : signed/unsigned mismatch
     1>c:\users\adm\documents\gamesdldemo\gamesdldemo\main.cpp(431): warning C4244: 'initializing' : conversion from 'double' to 'int', possible loss of data
     1>c:\users\adm\documents\gamesdldemo\gamesdldemo\main.cpp(432): warning C4244: 'initializing' : conversion from 'double' to 'int', possible loss of data
         ThreatsObject.cpp
     1>c:\users\adm\documents\gamesdldemo\gamesdldemo\threatsobject.cpp(7): warning C4244: '=' : conversion from 'double' to 'Sint16', possible loss of data
     1>c:\users\adm\documents\gamesdldemo\gamesdldemo\threatsobject.cpp(19): warning C4018: '<' : signed/unsigned mismatch
     1>c:\users\adm\documents\gamesdldemo\gamesdldemo\threatsobject.cpp(43): warning C4244: 'argument' : conversion from 'double' to 'const int', possible loss of data
     1>c:\users\adm\documents\gamesdldemo\gamesdldemo\threatsobject.cpp(53): warning C4018: '<' : signed/unsigned mismatch
     1>c:\users\adm\documents\gamesdldemo\gamesdldemo\threatsobject.cpp(66): warning C4244: 'argument' : conversion from 'double' to 'const int', possible loss of data
     1>c:\users\adm\documents\gamesdldemo\gamesdldemo\threatsobject.cpp(93): warning C4018: '<' : signed/unsigned mismatch
     1>c:\users\adm\documents\gamesdldemo\gamesdldemo\threatsobject.cpp(105): warning C4244: 'argument' : conversion from 'double' to 'const int', possible loss of data
         TextObject.cpp
         PlayerPower.cpp
     1>c:\users\adm\documents\gamesdldemo\gamesdldemo\playerpower.cpp(24): warning C4018: '<' : signed/unsigned mismatch
         MainObject.cpp
     1>c:\users\adm\documents\gamesdldemo\gamesdldemo\mainobject.cpp(72): warning C4244: 'argument' : conversion from 'double' to 'const int', possible loss of data
     1>c:\users\adm\documents\gamesdldemo\gamesdldemo\mainobject.cpp(89): warning C4018: '<' : signed/unsigned mismatch
     1>c:\users\adm\documents\gamesdldemo\gamesdldemo\mainobject.cpp(140): warning C4018: '<' : signed/unsigned mismatch
     1>c:\users\adm\documents\gamesdldemo\gamesdldemo\mainobject.cpp(142): warning C4018: '<' : signed/unsigned mismatch
         ExplosionObject.cpp
         Common_Function.cpp
     1>c:\users\adm\documents\gamesdldemo\gamesdldemo\common_function.cpp(249): warning C4244: '=' : conversion from 'double' to 'int', possible loss of data
         BulletObject.cpp
         Generating Code...
       Link:
         C:\Program Files (x86)\Microsoft Visual Studio 11.0\VC\bin\link.exe /ERRORREPORT:PROMPT /OUT:"C:\Users\adm\Documents\GameSDLDemo\Debug\GameSDLDemo.exe" /INCREMENTAL /NOLOGO SDL.lib SDLmain.lib SDL_image.lib SDL_mixer.lib SDL_ttf.lib kernel32.lib user32.lib gdi32.lib winspool.lib comdlg32.lib advapi32.lib shell32.lib ole32.lib oleaut32.lib uuid.lib odbc32.lib odbccp32.lib /MANIFEST /MANIFESTUAC:"level='asInvoker' uiAccess='false'" /manifest:embed /DEBUG /PDB:"C:\Users\adm\Documents\GameSDLDemo\Debug\GameSDLDemo.pdb" /SUBSYSTEM:WINDOWS /TLBID:1 /DYNAMICBASE /NXCOMPAT /IMPLIB:"C:\Users\adm\Documents\GameSDLDemo\Debug\GameSDLDemo.lib" /MACHINE:X86 Debug\BulletObject.obj
         Debug\BaseObject.obj
         Debug\Common_Function.obj
         Debug\ExplosionObject.obj
         Debug\main.obj
         Debug\MainObject.obj
         Debug\PlayerPower.obj
         Debug\TextObject.obj
         Debug\ThreatsObject.obj
         GameSDLDemo.vcxproj -> C:\Users\adm\Documents\GameSDLDemo\Debug\GameSDLDemo.exe
     1>Done Building Project "C:\Users\adm\Documents\GameSDLDemo\GameSDLDemo\GameSDLDemo.vcxproj" (Build target(s)).

Build succeeded.

Time Elapsed 00:00:16.68
